--------------------------------------------------------------------------------
Translator Name    : Spatial InterOp Connect ( Version : 2017 1.0.2)
System Name        : win64
Machine Name       : MSI
User Name          : Shyamanth R H
Source System      : ACIS
Destination System : STEP
Input File         : C:\Users\SHYAMA~1\AppData\Local\Temp\SPAXTemp-P9248-T11716-4_SPAIop_2_Doc.sab
Output File        : C:\Users\Shyamanth R H\Documents\Altair\test1.STEP
Start Time         : Sat Oct 24 11:23:50 2020

--------------------------------------------------------------------------------
Message : === Translation Options ===
Message : FileDescription : STEP AP203
Message : SaveVersion : AP203
Message : ===========================
-------------------------Source File Header Information-------------------------
Modification Date        : 24 Oct 2020
File Name                : SPAXTemp-P9248-T11716-4_SPAIop_2_Doc.sab
Organization             : SPA-INTEROPERABILITY
Version                  : 2700
Units                    : MILLIMETER
Tolerance                : 0.000001
Document Type            : Part
Format Type              : ACIS
--------------------------------------------------------------------------------
--------------------------------------------------------------------------------
Source Document Preprocessing Result : Success
--------------------------------------------------------------------------------
--------------------------------------------------------------------------------
Target Document Preprocessing Result : Success
--------------------------------------------------------------------------------
--------------------------------------------------------------------------------
Start BRep
--------------------------------------------------------------------------------
--------------------------------------------------------------------------------
BRep Source Representation Preprocessing Result : Success
--------------------------------------------------------------------------------
--------------------------------------------------------------------------------
BRep Source Representation Postprocessing Result : Success
--------------------------------------------------------------------------------
--------------------------------------------------------------------------------
BRep Target Representation Postprocessing Result : Success
--------------------------------------------------------------------------------
--------------------------------------------------------------------------------
End BRep
------------------------Representation Conversion Summary-----------------------
No. of Solid Bodies                       :    0
No. of Wire Bodies                        :    0
No. of Curve Sets                         :    0
No. of Geometric Sets                     :    0
No. of Sheet Bodies                       :    22
--------------------------------------------------------------------------------
BRep Conversion Result : Success
--------------------------------------------------------------------------------
--------------------------------------------------------------------------------
Start DocumentFeature
--------------------------------------------------------------------------------
--------------------------------------------------------------------------------
DocumentFeature Source Representation Preprocessing Result : No Entity to Translate
--------------------------------------------------------------------------------
--------------------------------------------------------------------------------
DocumentFeature Source Representation Postprocessing Result : Success
--------------------------------------------------------------------------------
--------------------------------------------------------------------------------
DocumentFeature Target Representation Postprocessing Result : Success
--------------------------------------------------------------------------------
--------------------------------------------------------------------------------
End DocumentFeature
------------------------Representation Conversion Summary-----------------------
No. of Selection Sets                     :    0
--------------------------------------------------------------------------------
DocumentFeature Conversion Result : No Entity to Translate
--------------------------------------------------------------------------------
--------------------------------------------------------------------------------
Target Document Postprocessing Result : Success
--------------------------------------------------------------------------------
--------------------------------------------------------------------------------
Target Document Postprocessing Result : Success
--------------------------------------------------------------------------------
--------------------------------------------------------------------------------
---------------------------Document Conversion Summary--------------------------
No. of Items of DocumentFeature Representation :    0
No. of Items of BRep Representation            :    22
--------------------------------------------------------------------------------
Output File "C:\Users\Shyamanth R H\Documents\Altair\test1.STEP" is Successfully Written
--------------------------------------------------------------------------------
Finish Time : Sat Oct 24 11:23:50 2020

--------------------------------------------------------------------------------
Translation Result : Success
--------------------------------------------------------------------------------
--------------------------------------------------------------------------------
